\BOOKMARK [0][-]{label:frontpage.0}{Front page}{}% 1
\BOOKMARK [0][-]{label:titlepage_en.0}{English title page}{}% 2
\BOOKMARK [0][-]{label:titlepage_da.0}{Danish title page}{}% 3
\BOOKMARK [0][-]{label:contents.0}{Contents}{}% 4
\BOOKMARK [0][-]{chapter*.3}{Preface}{}% 5
\BOOKMARK [0][-]{chapter.1}{1 Introduction}{}% 6
\BOOKMARK [0][-]{chapter.2}{2 Linkbudget}{}% 7
\BOOKMARK [1][-]{section.2.1}{2.1 ADS-B signals}{chapter.2}% 8
\BOOKMARK [1][-]{section.2.2}{2.2 Free space loss}{chapter.2}% 9
\BOOKMARK [1][-]{section.2.3}{2.3 LEO coverage}{chapter.2}% 10
\BOOKMARK [1][-]{section.2.4}{2.4 LEO radiation pattern}{chapter.2}% 11
\BOOKMARK [1][-]{section.2.5}{2.5 Tabel}{chapter.2}% 12
\BOOKMARK [0][-]{chapter.3}{3 Antennas}{}% 13
\BOOKMARK [1][-]{section.3.1}{3.1 Reflector Antennas}{chapter.3}% 14
\BOOKMARK [1][-]{section.3.2}{3.2 Helical Antennas}{chapter.3}% 15
\BOOKMARK [2][-]{subsection.3.2.1}{3.2.1 Helical antenna with ground plane}{section.3.2}% 16
\BOOKMARK [2][-]{subsection.3.2.2}{3.2.2 Quadrifilar Helical Antenna}{section.3.2}% 17
\BOOKMARK [2][-]{subsection.3.2.3}{3.2.3 Truncated Spherical Helical Antenna}{section.3.2}% 18
\BOOKMARK [0][-]{chapter.4}{4 Power Amplifier Imperfections}{}% 19
\BOOKMARK [1][-]{section.4.1}{4.1 Amplifier non-linearity}{chapter.4}% 20
\BOOKMARK [2][-]{subsection.4.1.1}{4.1.1 Impact of non-linearity}{section.4.1}% 21
\BOOKMARK [1][-]{section.4.2}{4.2 Memory effects}{chapter.4}% 22
\BOOKMARK [1][-]{section.4.3}{4.3 AM/AM and AM/PM distortion}{chapter.4}% 23
\BOOKMARK [1][-]{section.4.4}{4.4 Crosstalk}{chapter.4}% 24
\BOOKMARK [1][-]{section.4.5}{4.5 Antenna Diversity and MIMO}{chapter.4}% 25
\BOOKMARK [0][-]{chapter.5}{5 Measurement}{}% 26
\BOOKMARK [1][-]{section.5.1}{5.1 Power Amplifier}{chapter.5}% 27
\BOOKMARK [1][-]{section.5.2}{5.2 Measurement setup}{chapter.5}% 28
\BOOKMARK [2][-]{subsection.5.2.1}{5.2.1 Measurement of AM/AM distortion}{section.5.2}% 29
\BOOKMARK [2][-]{subsection.5.2.2}{5.2.2 PSD}{section.5.2}% 30
\BOOKMARK [2][-]{subsection.5.2.3}{5.2.3 ACPR}{section.5.2}% 31
\BOOKMARK [0][-]{chapter.6}{6 Conclusion}{}% 32
\BOOKMARK [0][-]{chapter*.68}{Bibliography}{}% 33
\BOOKMARK [0][-]{appendix.A}{A Appendix A name}{}% 34
